#
# There is insufficient memory for the Java Runtime Environment to continue.
# Native memory allocation (mmap) failed to map 264241152 bytes for Failed to commit area from 0x0000000704600000 to 0x0000000714200000 of length 264241152.
# Possible reasons:
#   The system is out of physical RAM or swap space
#   The process is running with CompressedOops enabled, and the Java Heap may be blocking the growth of the native heap
# Possible solutions:
#   Reduce memory load on the system
#   Increase physical memory or swap space
#   Check if swap backing store is full
#   Decrease Java heap size (-Xmx/-Xms)
#   Decrease number of Java threads
#   Decrease Java thread stack sizes (-Xss)
#   Set larger code cache with -XX:ReservedCodeCacheSize=
# This output file may be truncated or incomplete.
#
#  Out of Memory Error (c:/BuildAgent/work/5ff2f6c26000d570/src/hotspot/os/windows/os_windows.cpp:3291), pid=452720, tid=405472
#
# JRE version:  (11.0.5+10) (build )
# Java VM: OpenJDK 64-Bit Server VM (11.0.5+10-b520.30, mixed mode, aot, sharing, tiered, compressed oops, g1 gc, windows-amd64)
# No core dump will be written. Minidumps are not enabled by default on client versions of Windows
#

---------------  S U M M A R Y ------------

Command Line: org.jetbrains.git4idea.http.GitAskPassApp Username for 'https://github.com': 

Host: Intel(R) Core(TM) i7-8750H CPU @ 2.20GHz, 12 cores, 15G,  Windows 10 , 64 bit Build 18362 (10.0.18362.900)
Time: Fri Jul  3 01:46:59 2020 ?D1¨²¡À¨º¡Á?¨º¡À?? elapsed time: 0 seconds (0d 0h 0m 0s)

---------------  T H R E A D  ---------------

Current thread (0x000001ae18e0d800):  JavaThread "Unknown thread" [_thread_in_vm, id=405472, stack(0x0000001f16800000,0x0000001f16900000)]

Stack: [0x0000001f16800000,0x0000001f16900000]
Native frames: (J=compiled Java code, j=interpreted, Vv=VM code, C=native code)
V  [jvm.dll+0x5dcafa]
V  [jvm.dll+0x70e375]
V  [jvm.dll+0x70f898]
V  [jvm.dll+0x70ff63]
V  [jvm.dll+0x23e238]
V  [jvm.dll+0x5da1c4]
V  [jvm.dll+0x5cf265]
V  [jvm.dll+0x2fac3b]
V  [jvm.dll+0x2fabaa]
V  [jvm.dll+0x2faa82]
V  [jvm.dll+0x2ff956]
V  [jvm.dll+0x3480d3]
V  [jvm.dll+0x3487d6]
V  [jvm.dll+0x3481d3]
V  [jvm.dll+0x2d5548]
V  [jvm.dll+0x2d66e7]
V  [jvm.dll+0x6ed237]
V  [jvm.dll+0x6eea2c]
V  [jvm.dll+0x355849]
V  [jvm.dll+0x6d239e]
V  [jvm.dll+0x3be283]
V  [jvm.dll+0x3c0701]
C  [jli.dll+0x5363]
C  [ucrtbase.dll+0x20e82]
C  [KERNEL32.DLL+0x17bd4]
C  [ntdll.dll+0x6ce51]


---------------  P R O C E S S  ---------------

Threads class SMR info:
_java_thread_list=0x000001ae18bc4c40, length=0, elements={
}

Java Threads: ( => current thread )

Other Threads:
  0x000001ae18e26800 GCTaskThread "GC Thread#0" [stack: 0x0000001f16900000,0x0000001f16a00000] [id=321700]
  0x000001ae18e82000 ConcurrentGCThread "G1 Main Marker" [stack: 0x0000001f16a00000,0x0000001f16b00000] [id=325340]
  0x000001ae18e83800 ConcurrentGCThread "G1 Conc#0" [stack: 0x0000001f16b00000,0x0000001f16c00000] [id=255088]

[error occurred during error reporting (printing all threads), id 0xc0000005, EXCEPTION_ACCESS_VIOLATION (0xc0000005) at pc=0x00007ffd6f555c17]

VM state:not at safepoint (not fully initialized)

VM Mutex/Monitor currently owned by a thread:  ([mutex/lock_event])
[0x000001ae18e0cce0] Heap_lock - owner thread: 0x000001ae18e0d800

Heap address: 0x0000000704600000, size: 4026 MB, Compressed Oops mode: Non-zero based: 0x0000000704600000
Narrow klass base: 0x0000000000000000, Narrow klass shift: 0

GC Heap History (0 events):
No events

Deoptimization events (0 events):
No events

Classes redefined (0 events):
No events

Internal exceptions (0 events):
No events

Events (0 events):
No events


Dynamic libraries:
0x00007ff611d60000 - 0x00007ff611d6a000 	C:\Program Files\IntelliJ IDEA\jbr\bin\java.exe
0x00007ffdd9e00000 - 0x00007ffdd9ff0000 	C:\Windows\SYSTEM32\ntdll.dll
0x00007ffdd8ba0000 - 0x00007ffdd8c52000 	C:\Windows\System32\KERNEL32.DLL
0x00007ffdd7780000 - 0x00007ffdd7a24000 	C:\Windows\System32\KERNELBASE.dll
0x00007ffdd7a90000 - 0x00007ffdd7b8a000 	C:\Windows\System32\ucrtbase.dll
0x00007ffdc1530000 - 0x00007ffdc1549000 	C:\Program Files\IntelliJ IDEA\jbr\bin\jli.dll
0x00007ffdc5110000 - 0x00007ffdc5127000 	C:\Program Files\IntelliJ IDEA\jbr\bin\VCRUNTIME140.dll
0x00007ffdd9430000 - 0x00007ffdd95c4000 	C:\Windows\System32\USER32.dll
0x00007ffdd7510000 - 0x00007ffdd7531000 	C:\Windows\System32\win32u.dll
0x00007ffdbe120000 - 0x00007ffdbe3a4000 	C:\Windows\WinSxS\amd64_microsoft.windows.common-controls_6595b64144ccf1df_6.0.18362.900_none_e6beb9d913147d17\COMCTL32.dll
0x00007ffdd9140000 - 0x00007ffdd9166000 	C:\Windows\System32\GDI32.dll
0x00007ffdd9220000 - 0x00007ffdd92be000 	C:\Windows\System32\msvcrt.dll
0x00007ffdd7b90000 - 0x00007ffdd7d25000 	C:\Windows\System32\gdi32full.dll
0x00007ffdd8c60000 - 0x00007ffdd8f95000 	C:\Windows\System32\combase.dll
0x00007ffdd7540000 - 0x00007ffdd75de000 	C:\Windows\System32\msvcp_win.dll
0x00007ffdd88d0000 - 0x00007ffdd89f0000 	C:\Windows\System32\RPCRT4.dll
0x00007ffdd7e30000 - 0x00007ffdd7eb0000 	C:\Windows\System32\bcryptPrimitives.dll
0x00007ffdd9d90000 - 0x00007ffdd9dbe000 	C:\Windows\System32\IMM32.DLL
0x00007ffdab600000 - 0x00007ffdab69d000 	C:\Program Files\IntelliJ IDEA\jbr\bin\msvcp140.dll
0x00007ffd6f270000 - 0x00007ffd6fd2b000 	C:\Program Files\IntelliJ IDEA\jbr\bin\server\jvm.dll
0x00007ffdd9170000 - 0x00007ffdd9213000 	C:\Windows\System32\ADVAPI32.dll
0x00007ffdd7eb0000 - 0x00007ffdd7f47000 	C:\Windows\System32\sechost.dll
0x00007ffdd8810000 - 0x00007ffdd8818000 	C:\Windows\System32\PSAPI.DLL
0x00007ffdbca40000 - 0x00007ffdbca49000 	C:\Windows\SYSTEM32\WSOCK32.dll
0x00007ffdd4a60000 - 0x00007ffdd4a84000 	C:\Windows\SYSTEM32\WINMM.dll
0x00007ffdce500000 - 0x00007ffdce50a000 	C:\Windows\SYSTEM32\VERSION.dll
0x00007ffdd90d0000 - 0x00007ffdd913f000 	C:\Windows\System32\WS2_32.dll
0x00007ffdd4930000 - 0x00007ffdd495d000 	C:\Windows\SYSTEM32\WINMMBASE.dll
0x00007ffdd7730000 - 0x00007ffdd777a000 	C:\Windows\System32\cfgmgr32.dll
0x00007ffdd6d40000 - 0x00007ffdd6d51000 	C:\Windows\System32\kernel.appcore.dll
0x00007ffdc16e0000 - 0x00007ffdc16f1000 	C:\Program Files\IntelliJ IDEA\jbr\bin\verify.dll
0x00007ffdd55e0000 - 0x00007ffdd57d4000 	C:\Windows\SYSTEM32\DBGHELP.DLL
0x00007ffdbc280000 - 0x00007ffdbc2aa000 	C:\Windows\SYSTEM32\dbgcore.DLL
0x00007ffdc12d0000 - 0x00007ffdc12f9000 	C:\Program Files\IntelliJ IDEA\jbr\bin\java.dll
0x00007ffdc1210000 - 0x00007ffdc1227000 	C:\Program Files\IntelliJ IDEA\jbr\bin\zip.dll
0x00007ffdceb30000 - 0x00007ffdceb3b000 	C:\Program Files\IntelliJ IDEA\jbr\bin\jimage.dll

dbghelp: loaded successfully - version: 4.0.5 - missing functions: none
symbol engine: initialized successfully - sym options: 0x614 - pdb path: .;C:\Program Files\IntelliJ IDEA\jbr\bin;C:\Windows\SYSTEM32;C:\Windows\WinSxS\amd64_microsoft.windows.common-controls_6595b64144ccf1df_6.0.18362.900_none_e6beb9d913147d17;C:\Program Files\IntelliJ IDEA\jbr\bin\server

VM Arguments:
java_command: org.jetbrains.git4idea.http.GitAskPassApp Username for 'https://github.com': 
java_class_path (initial): C:/Program Files/IntelliJ IDEA/plugins/git4idea/lib/git4idea-rt.jar;C:/Program Files/IntelliJ IDEA/lib/xmlrpc-2.0.1.jar;C:/Program Files/IntelliJ IDEA/lib/commons-codec-1.13.jar;C:/Program Files/IntelliJ IDEA/lib/util.jar
Launcher Type: SUN_STANDARD

[Global flags]
     intx CICompilerCount                          = 4                                         {product} {ergonomic}
     uint ConcGCThreads                            = 3                                         {product} {ergonomic}
     uint G1ConcRefinementThreads                  = 10                                        {product} {ergonomic}
   size_t G1HeapRegionSize                         = 1048576                                   {product} {ergonomic}
    uintx GCDrainStackTargetSize                   = 64                                        {product} {ergonomic}
   size_t InitialHeapSize                          = 264241152                                 {product} {ergonomic}
   size_t MarkStackSize                            = 4194304                                   {product} {ergonomic}
   size_t MaxHeapSize                              = 4221566976                                {product} {ergonomic}
   size_t MinHeapDeltaBytes                        = 1048576                                   {product} {ergonomic}
    uintx NonNMethodCodeHeapSize                   = 5836300                                {pd product} {ergonomic}
    uintx NonProfiledCodeHeapSize                  = 122910970                              {pd product} {ergonomic}
    uintx ProfiledCodeHeapSize                     = 122910970                              {pd product} {ergonomic}
    uintx ReservedCodeCacheSize                    = 251658240                              {pd product} {ergonomic}
     bool SegmentedCodeCache                       = true                                      {product} {ergonomic}
     bool UseCompressedClassPointers               = true                                 {lp64_product} {ergonomic}
     bool UseCompressedOops                        = true                                 {lp64_product} {ergonomic}
     bool UseG1GC                                  = true                                      {product} {ergonomic}
     bool UseLargePagesIndividualAllocation        = false                                  {pd product} {ergonomic}

Logging:
Log output configuration:
 #0: stdout all=warning uptime,level,tags
 #1: stderr all=off uptime,level,tags

Environment Variables:
JAVA_HOME=C:\Program Files\Java\jdk1.8.0_241
PATH=C:\Program Files\Git\mingw64/libexec/git-core;C:\Program Files\Git\mingw64/libexec/git-core;C:\Program Files\Git\mingw64\bin;C:\Program Files\Git\usr\bin;C:\Users\DELL\bin;C:\Program Files (x86)\NetSarang\Xshell 6\;C:\Program Files (x86)\Common Files\Oracle\Java\javapath;C:\Windows\system32;C:\Windows;C:\Windows\System32\Wbem;C:\Windows\System32\WindowsPowerShell\v1.0\;C:\Windows\System32\OpenSSH\;C:\Program Files\NVIDIA Corporation\NVIDIA NvDLISR;C:\Program Files (x86)\NVIDIA Corporation\PhysX\Common;C:\Program Files\Java\jdk1.8.0_241\bin;C:\Program Files\Java\jdk1.8.0_241\jre\bin;C:\Program Files\MySQL\MySQL Server 5.7\bin;C:\Program Files\nodejs\;C:\Program Files (x86)\Intel\Intel(R) Management Engine Components\DAL;C:\Program Files\Intel\Intel(R) Management Engine Components\DAL;D:\apache-maven-3.5.3\bin;C:\Users\DELL\AppData\Local\Microsoft\WindowsApps;C:\Program Files\Bandizip\;C:\Users\DELL\AppData\Roaming\npm
USERNAME=DELL
DISPLAY=:0.0
OS=Windows_NT
PROCESSOR_IDENTIFIER=Intel64 Family 6 Model 158 Stepping 10, GenuineIntel



---------------  S Y S T E M  ---------------

OS: Windows 10 , 64 bit Build 18362 (10.0.18362.900)

CPU:total 12 (initial active 12) (6 cores per cpu, 2 threads per core) family 6 model 158 stepping 10, cmov, cx8, fxsr, mmx, sse, sse2, sse3, ssse3, sse4.1, sse4.2, popcnt, avx, avx2, aes, clmul, erms, 3dnowpref, lzcnt, ht, tsc, tscinvbit, bmi1, bmi2, adx, fma

Memory: 4k page, system-wide physical 16097M (421M free)
TotalPageFile size 29253M (AvailPageFile size 106M)
current process WorkingSet (physical memory assigned to process): 10M, peak: 10M
current process commit charge ("private bytes"): 64M, peak: 316M

vm_info: OpenJDK 64-Bit Server VM (11.0.5+10-b520.30) for windows-amd64 JRE (11.0.5+10-b520.30), built on Dec 24 2019 12:06:09 by "" with MS VC++ 14.0 (VS2015)

END.
